<?xml version="1.0" encoding="UTF-8"?>
<testsuite xmlns:xsi="http://www.w3.org/2001/XMLSchema-instance" xsi:noNamespaceSchemaLocation="https://maven.apache.org/surefire/maven-surefire-plugin/xsd/surefire-test-report.xsd" version="3.0.1" name="com.example.LocalAppTest" time="705.649" tests="1" errors="0" skipped="0" failures="0">
  <properties>
[...]
</properties>
  <testcase name="testSystemWithRealInput" classname="com.example.LocalAppTest" time="705.626">
    <system-out><![CDATA[[TEST] Starting System Test using file: C:\Users\naser\Desktop\study\DSP\DSP1\demo\input.text
Starting Local Application...
App ID: 647acc53-9fcc-488d-80b5-68626620761e
[DEBUG] Ensuring Bucket and Queues exist...
[DEBUG] Checking for Manager...
Manager not active. Starting new Manager instance...
[DEBUG] Successfully started 1 EC2 instances with tag Manager
Waiting for instance i-0486b199d8a4a2b71 to be 'running'...
Instance is now running!
Uploading input.text to S3...
Upload complete.
Sending SQS message to https://sqs.us-east-1.amazonaws.com/428164787540/LocalToManager...
Message sent.
Task sent to Manager: naser-wesam-dsp-bucket-v2	input_647acc53-9fcc-488d-80b5-68626620761e.txt	1	https://sqs.us-east-1.amazonaws.com/428164787540/ResponseQueue_647acc53-9fcc-488d-80b5-68626620761e
Waiting for results on https://sqs.us-east-1.amazonaws.com/428164787540/ResponseQueue_647acc53-9fcc-488d-80b5-68626620761e...
................................
Job Finished! Downloading result: summary_input_647acc53-9fcc-488d-80b5-68626620761e.txt.html
Downloading summary_input_647acc53-9fcc-488d-80b5-68626620761e.txt.html from S3...
Download complete.
Result saved to: test_output.html
Cleaning up: Deleting temporary queue ResponseQueue_647acc53-9fcc-488d-80b5-68626620761e
Deleted queue: https://sqs.us-east-1.amazonaws.com/428164787540/ResponseQueue_647acc53-9fcc-488d-80b5-68626620761e
[TEST] Success! View results at: C:\Users\naser\Desktop\study\DSP\DSP1\demo\test_output.html
]]></system-out>
    <system-err><![CDATA[SLF4J: Failed to load class "org.slf4j.impl.StaticLoggerBinder".
SLF4J: Defaulting to no-operation (NOP) logger implementation
SLF4J: See http://www.slf4j.org/codes.html#StaticLoggerBinder for further details.
]]></system-err>
  </testcase>
</testsuite>