<?xml version="1.0" encoding="UTF-8"?>
<testsuite xmlns:xsi="http://www.w3.org/2001/XMLSchema-instance" xsi:noNamespaceSchemaLocation="https://maven.apache.org/surefire/maven-surefire-plugin/xsd/surefire-test-report.xsd" version="3.0.1" name="com.example.LocalAppTest" time="2400.396" tests="1" errors="1" skipped="0" failures="0">
  <properties>
    <property name="java.specification.version" value="21"/>
    <property name="sun.cpu.isalist" value="amd64"/>
    <property name="sun.jnu.encoding" value="Cp1252"/>
    <property name="java.class.path" value="C:\Users\naser\Desktop\study\DSP\DSP1\demo\target\test-classes;C:\Users\naser\Desktop\study\DSP\DSP1\demo\target\classes;C:\Users\naser\.m2\repository\org\junit\jupiter\junit-jupiter-api\5.11.0\junit-jupiter-api-5.11.0.jar;C:\Users\naser\.m2\repository\org\opentest4j\opentest4j\1.3.0\opentest4j-1.3.0.jar;C:\Users\naser\.m2\repository\org\junit\platform\junit-platform-commons\1.11.0\junit-platform-commons-1.11.0.jar;C:\Users\naser\.m2\repository\org\apiguardian\apiguardian-api\1.1.2\apiguardian-api-1.1.2.jar;C:\Users\naser\.m2\repository\org\junit\jupiter\junit-jupiter-params\5.11.0\junit-jupiter-params-5.11.0.jar;C:\Users\naser\.m2\repository\software\amazon\awssdk\ec2\2.28.18\ec2-2.28.18.jar;C:\Users\naser\.m2\repository\software\amazon\awssdk\aws-query-protocol\2.28.18\aws-query-protocol-2.28.18.jar;C:\Users\naser\.m2\repository\software\amazon\awssdk\protocol-core\2.28.18\protocol-core-2.28.18.jar;C:\Users\naser\.m2\repository\software\amazon\awssdk\http-auth-aws\2.28.18\http-auth-aws-2.28.18.jar;C:\Users\naser\.m2\repository\software\amazon\awssdk\sdk-core\2.28.18\sdk-core-2.28.18.jar;C:\Users\naser\.m2\repository\software\amazon\awssdk\retries\2.28.18\retries-2.28.18.jar;C:\Users\naser\.m2\repository\org\reactivestreams\reactive-streams\1.0.4\reactive-streams-1.0.4.jar;C:\Users\naser\.m2\repository\software\amazon\awssdk\auth\2.28.18\auth-2.28.18.jar;C:\Users\naser\.m2\repository\software\amazon\awssdk\http-auth-aws-eventstream\2.28.18\http-auth-aws-eventstream-2.28.18.jar;C:\Users\naser\.m2\repository\software\amazon\eventstream\eventstream\1.0.1\eventstream-1.0.1.jar;C:\Users\naser\.m2\repository\software\amazon\awssdk\http-auth-spi\2.28.18\http-auth-spi-2.28.18.jar;C:\Users\naser\.m2\repository\software\amazon\awssdk\http-auth\2.28.18\http-auth-2.28.18.jar;C:\Users\naser\.m2\repository\software\amazon\awssdk\identity-spi\2.28.18\identity-spi-2.28.18.jar;C:\Users\naser\.m2\repository\software\amazon\awssdk\http-client-spi\2.28.18\http-client-spi-2.28.18.jar;C:\Users\naser\.m2\repository\software\amazon\awssdk\regions\2.28.18\regions-2.28.18.jar;C:\Users\naser\.m2\repository\software\amazon\awssdk\annotations\2.28.18\annotations-2.28.18.jar;C:\Users\naser\.m2\repository\software\amazon\awssdk\utils\2.28.18\utils-2.28.18.jar;C:\Users\naser\.m2\repository\software\amazon\awssdk\aws-core\2.28.18\aws-core-2.28.18.jar;C:\Users\naser\.m2\repository\software\amazon\awssdk\metrics-spi\2.28.18\metrics-spi-2.28.18.jar;C:\Users\naser\.m2\repository\software\amazon\awssdk\json-utils\2.28.18\json-utils-2.28.18.jar;C:\Users\naser\.m2\repository\software\amazon\awssdk\third-party-jackson-core\2.28.18\third-party-jackson-core-2.28.18.jar;C:\Users\naser\.m2\repository\software\amazon\awssdk\endpoints-spi\2.28.18\endpoints-spi-2.28.18.jar;C:\Users\naser\.m2\repository\software\amazon\awssdk\retries-spi\2.28.18\retries-spi-2.28.18.jar;C:\Users\naser\.m2\repository\software\amazon\awssdk\apache-client\2.28.18\apache-client-2.28.18.jar;C:\Users\naser\.m2\repository\org\apache\httpcomponents\httpclient\4.5.13\httpclient-4.5.13.jar;C:\Users\naser\.m2\repository\commons-logging\commons-logging\1.2\commons-logging-1.2.jar;C:\Users\naser\.m2\repository\org\apache\httpcomponents\httpcore\4.4.16\httpcore-4.4.16.jar;C:\Users\naser\.m2\repository\commons-codec\commons-codec\1.17.1\commons-codec-1.17.1.jar;C:\Users\naser\.m2\repository\software\amazon\awssdk\netty-nio-client\2.28.18\netty-nio-client-2.28.18.jar;C:\Users\naser\.m2\repository\io\netty\netty-codec-http\4.1.112.Final\netty-codec-http-4.1.112.Final.jar;C:\Users\naser\.m2\repository\io\netty\netty-codec-http2\4.1.112.Final\netty-codec-http2-4.1.112.Final.jar;C:\Users\naser\.m2\repository\io\netty\netty-codec\4.1.112.Final\netty-codec-4.1.112.Final.jar;C:\Users\naser\.m2\repository\io\netty\netty-transport\4.1.112.Final\netty-transport-4.1.112.Final.jar;C:\Users\naser\.m2\repository\io\netty\netty-common\4.1.112.Final\netty-common-4.1.112.Final.jar;C:\Users\naser\.m2\repository\io\netty\netty-buffer\4.1.112.Final\netty-buffer-4.1.112.Final.jar;C:\Users\naser\.m2\repository\io\netty\netty-handler\4.1.112.Final\netty-handler-4.1.112.Final.jar;C:\Users\naser\.m2\repository\io\netty\netty-transport-native-unix-common\4.1.112.Final\netty-transport-native-unix-common-4.1.112.Final.jar;C:\Users\naser\.m2\repository\io\netty\netty-transport-classes-epoll\4.1.112.Final\netty-transport-classes-epoll-4.1.112.Final.jar;C:\Users\naser\.m2\repository\io\netty\netty-resolver\4.1.112.Final\netty-resolver-4.1.112.Final.jar;C:\Users\naser\.m2\repository\software\amazon\awssdk\s3\2.28.18\s3-2.28.18.jar;C:\Users\naser\.m2\repository\software\amazon\awssdk\aws-xml-protocol\2.28.18\aws-xml-protocol-2.28.18.jar;C:\Users\naser\.m2\repository\software\amazon\awssdk\arns\2.28.18\arns-2.28.18.jar;C:\Users\naser\.m2\repository\software\amazon\awssdk\profiles\2.28.18\profiles-2.28.18.jar;C:\Users\naser\.m2\repository\software\amazon\awssdk\crt-core\2.28.18\crt-core-2.28.18.jar;C:\Users\naser\.m2\repository\software\amazon\awssdk\checksums\2.28.18\checksums-2.28.18.jar;C:\Users\naser\.m2\repository\software\amazon\awssdk\checksums-spi\2.28.18\checksums-spi-2.28.18.jar;C:\Users\naser\.m2\repository\software\amazon\awssdk\sqs\2.28.18\sqs-2.28.18.jar;C:\Users\naser\.m2\repository\software\amazon\awssdk\aws-json-protocol\2.28.18\aws-json-protocol-2.28.18.jar;C:\Users\naser\.m2\repository\edu\stanford\nlp\stanford-parser\3.6.0\stanford-parser-3.6.0.jar;C:\Users\naser\.m2\repository\com\googlecode\efficient-java-matrix-library\ejml\0.23\ejml-0.23.jar;C:\Users\naser\.m2\repository\org\slf4j\slf4j-api\1.7.12\slf4j-api-1.7.12.jar;C:\Users\naser\.m2\repository\edu\stanford\nlp\stanford-corenlp\3.6.0\stanford-corenlp-3.6.0.jar;C:\Users\naser\.m2\repository\com\io7m\xom\xom\1.2.10\xom-1.2.10.jar;C:\Users\naser\.m2\repository\xml-apis\xml-apis\1.3.03\xml-apis-1.3.03.jar;C:\Users\naser\.m2\repository\xerces\xercesImpl\2.8.0\xercesImpl-2.8.0.jar;C:\Users\naser\.m2\repository\xalan\xalan\2.7.0\xalan-2.7.0.jar;C:\Users\naser\.m2\repository\joda-time\joda-time\2.9\joda-time-2.9.jar;C:\Users\naser\.m2\repository\de\jollyday\jollyday\0.4.7\jollyday-0.4.7.jar;C:\Users\naser\.m2\repository\javax\json\javax.json-api\1.0\javax.json-api-1.0.jar;C:\Users\naser\.m2\repository\edu\stanford\nlp\stanford-corenlp\3.6.0\stanford-corenlp-3.6.0-models.jar;C:\Users\naser\.m2\repository\javax\xml\bind\jaxb-api\2.3.1\jaxb-api-2.3.1.jar;C:\Users\naser\.m2\repository\javax\activation\javax.activation-api\1.2.0\javax.activation-api-1.2.0.jar;C:\Users\naser\.m2\repository\org\glassfish\jaxb\jaxb-runtime\2.3.1\jaxb-runtime-2.3.1.jar;C:\Users\naser\.m2\repository\org\glassfish\jaxb\txw2\2.3.1\txw2-2.3.1.jar;C:\Users\naser\.m2\repository\com\sun\istack\istack-commons-runtime\3.0.7\istack-commons-runtime-3.0.7.jar;C:\Users\naser\.m2\repository\org\jvnet\staxex\stax-ex\1.8\stax-ex-1.8.jar;C:\Users\naser\.m2\repository\com\sun\xml\fastinfoset\FastInfoset\1.2.15\FastInfoset-1.2.15.jar;C:\Users\naser\.m2\repository\javax\activation\activation\1.1.1\activation-1.1.1.jar;C:\Users\naser\.m2\repository\com\fasterxml\jackson\core\jackson-databind\2.17.0\jackson-databind-2.17.0.jar;C:\Users\naser\.m2\repository\com\fasterxml\jackson\core\jackson-annotations\2.17.0\jackson-annotations-2.17.0.jar;C:\Users\naser\.m2\repository\com\fasterxml\jackson\core\jackson-core\2.17.0\jackson-core-2.17.0.jar;C:\Users\naser\.m2\repository\net\bytebuddy\byte-buddy\1.14.9\byte-buddy-1.14.9.jar;"/>
    <property name="java.vm.vendor" value="Oracle Corporation"/>
    <property name="sun.arch.data.model" value="64"/>
    <property name="user.variant" value=""/>
    <property name="java.vendor.url" value="https://java.oracle.com/"/>
    <property name="user.timezone" value="Asia/Jerusalem"/>
    <property name="user.country.format" value="IL"/>
    <property name="os.name" value="Windows 11"/>
    <property name="java.vm.specification.version" value="21"/>
    <property name="sun.java.launcher" value="SUN_STANDARD"/>
    <property name="user.country" value="GB"/>
    <property name="sun.boot.library.path" value="C:\Program Files\Java\jdk-21\bin"/>
    <property name="sun.java.command" value="C:\Users\naser\AppData\Local\Temp\surefire12542487081283446182\surefirebooter-20251130041828460_3.jar C:\Users\naser\AppData\Local\Temp\surefire12542487081283446182 2025-11-30T04-18-28_273-jvmRun1 surefire-20251130041828460_1tmp surefire_0-20251130041828460_2tmp"/>
    <property name="jdk.debug" value="release"/>
    <property name="test" value="LocalAppTest"/>
    <property name="surefire.test.class.path" value="C:\Users\naser\Desktop\study\DSP\DSP1\demo\target\test-classes;C:\Users\naser\Desktop\study\DSP\DSP1\demo\target\classes;C:\Users\naser\.m2\repository\org\junit\jupiter\junit-jupiter-api\5.11.0\junit-jupiter-api-5.11.0.jar;C:\Users\naser\.m2\repository\org\opentest4j\opentest4j\1.3.0\opentest4j-1.3.0.jar;C:\Users\naser\.m2\repository\org\junit\platform\junit-platform-commons\1.11.0\junit-platform-commons-1.11.0.jar;C:\Users\naser\.m2\repository\org\apiguardian\apiguardian-api\1.1.2\apiguardian-api-1.1.2.jar;C:\Users\naser\.m2\repository\org\junit\jupiter\junit-jupiter-params\5.11.0\junit-jupiter-params-5.11.0.jar;C:\Users\naser\.m2\repository\software\amazon\awssdk\ec2\2.28.18\ec2-2.28.18.jar;C:\Users\naser\.m2\repository\software\amazon\awssdk\aws-query-protocol\2.28.18\aws-query-protocol-2.28.18.jar;C:\Users\naser\.m2\repository\software\amazon\awssdk\protocol-core\2.28.18\protocol-core-2.28.18.jar;C:\Users\naser\.m2\repository\software\amazon\awssdk\http-auth-aws\2.28.18\http-auth-aws-2.28.18.jar;C:\Users\naser\.m2\repository\software\amazon\awssdk\sdk-core\2.28.18\sdk-core-2.28.18.jar;C:\Users\naser\.m2\repository\software\amazon\awssdk\retries\2.28.18\retries-2.28.18.jar;C:\Users\naser\.m2\repository\org\reactivestreams\reactive-streams\1.0.4\reactive-streams-1.0.4.jar;C:\Users\naser\.m2\repository\software\amazon\awssdk\auth\2.28.18\auth-2.28.18.jar;C:\Users\naser\.m2\repository\software\amazon\awssdk\http-auth-aws-eventstream\2.28.18\http-auth-aws-eventstream-2.28.18.jar;C:\Users\naser\.m2\repository\software\amazon\eventstream\eventstream\1.0.1\eventstream-1.0.1.jar;C:\Users\naser\.m2\repository\software\amazon\awssdk\http-auth-spi\2.28.18\http-auth-spi-2.28.18.jar;C:\Users\naser\.m2\repository\software\amazon\awssdk\http-auth\2.28.18\http-auth-2.28.18.jar;C:\Users\naser\.m2\repository\software\amazon\awssdk\identity-spi\2.28.18\identity-spi-2.28.18.jar;C:\Users\naser\.m2\repository\software\amazon\awssdk\http-client-spi\2.28.18\http-client-spi-2.28.18.jar;C:\Users\naser\.m2\repository\software\amazon\awssdk\regions\2.28.18\regions-2.28.18.jar;C:\Users\naser\.m2\repository\software\amazon\awssdk\annotations\2.28.18\annotations-2.28.18.jar;C:\Users\naser\.m2\repository\software\amazon\awssdk\utils\2.28.18\utils-2.28.18.jar;C:\Users\naser\.m2\repository\software\amazon\awssdk\aws-core\2.28.18\aws-core-2.28.18.jar;C:\Users\naser\.m2\repository\software\amazon\awssdk\metrics-spi\2.28.18\metrics-spi-2.28.18.jar;C:\Users\naser\.m2\repository\software\amazon\awssdk\json-utils\2.28.18\json-utils-2.28.18.jar;C:\Users\naser\.m2\repository\software\amazon\awssdk\third-party-jackson-core\2.28.18\third-party-jackson-core-2.28.18.jar;C:\Users\naser\.m2\repository\software\amazon\awssdk\endpoints-spi\2.28.18\endpoints-spi-2.28.18.jar;C:\Users\naser\.m2\repository\software\amazon\awssdk\retries-spi\2.28.18\retries-spi-2.28.18.jar;C:\Users\naser\.m2\repository\software\amazon\awssdk\apache-client\2.28.18\apache-client-2.28.18.jar;C:\Users\naser\.m2\repository\org\apache\httpcomponents\httpclient\4.5.13\httpclient-4.5.13.jar;C:\Users\naser\.m2\repository\commons-logging\commons-logging\1.2\commons-logging-1.2.jar;C:\Users\naser\.m2\repository\org\apache\httpcomponents\httpcore\4.4.16\httpcore-4.4.16.jar;C:\Users\naser\.m2\repository\commons-codec\commons-codec\1.17.1\commons-codec-1.17.1.jar;C:\Users\naser\.m2\repository\software\amazon\awssdk\netty-nio-client\2.28.18\netty-nio-client-2.28.18.jar;C:\Users\naser\.m2\repository\io\netty\netty-codec-http\4.1.112.Final\netty-codec-http-4.1.112.Final.jar;C:\Users\naser\.m2\repository\io\netty\netty-codec-http2\4.1.112.Final\netty-codec-http2-4.1.112.Final.jar;C:\Users\naser\.m2\repository\io\netty\netty-codec\4.1.112.Final\netty-codec-4.1.112.Final.jar;C:\Users\naser\.m2\repository\io\netty\netty-transport\4.1.112.Final\netty-transport-4.1.112.Final.jar;C:\Users\naser\.m2\repository\io\netty\netty-common\4.1.112.Final\netty-common-4.1.112.Final.jar;C:\Users\naser\.m2\repository\io\netty\netty-buffer\4.1.112.Final\netty-buffer-4.1.112.Final.jar;C:\Users\naser\.m2\repository\io\netty\netty-handler\4.1.112.Final\netty-handler-4.1.112.Final.jar;C:\Users\naser\.m2\repository\io\netty\netty-transport-native-unix-common\4.1.112.Final\netty-transport-native-unix-common-4.1.112.Final.jar;C:\Users\naser\.m2\repository\io\netty\netty-transport-classes-epoll\4.1.112.Final\netty-transport-classes-epoll-4.1.112.Final.jar;C:\Users\naser\.m2\repository\io\netty\netty-resolver\4.1.112.Final\netty-resolver-4.1.112.Final.jar;C:\Users\naser\.m2\repository\software\amazon\awssdk\s3\2.28.18\s3-2.28.18.jar;C:\Users\naser\.m2\repository\software\amazon\awssdk\aws-xml-protocol\2.28.18\aws-xml-protocol-2.28.18.jar;C:\Users\naser\.m2\repository\software\amazon\awssdk\arns\2.28.18\arns-2.28.18.jar;C:\Users\naser\.m2\repository\software\amazon\awssdk\profiles\2.28.18\profiles-2.28.18.jar;C:\Users\naser\.m2\repository\software\amazon\awssdk\crt-core\2.28.18\crt-core-2.28.18.jar;C:\Users\naser\.m2\repository\software\amazon\awssdk\checksums\2.28.18\checksums-2.28.18.jar;C:\Users\naser\.m2\repository\software\amazon\awssdk\checksums-spi\2.28.18\checksums-spi-2.28.18.jar;C:\Users\naser\.m2\repository\software\amazon\awssdk\sqs\2.28.18\sqs-2.28.18.jar;C:\Users\naser\.m2\repository\software\amazon\awssdk\aws-json-protocol\2.28.18\aws-json-protocol-2.28.18.jar;C:\Users\naser\.m2\repository\edu\stanford\nlp\stanford-parser\3.6.0\stanford-parser-3.6.0.jar;C:\Users\naser\.m2\repository\com\googlecode\efficient-java-matrix-library\ejml\0.23\ejml-0.23.jar;C:\Users\naser\.m2\repository\org\slf4j\slf4j-api\1.7.12\slf4j-api-1.7.12.jar;C:\Users\naser\.m2\repository\edu\stanford\nlp\stanford-corenlp\3.6.0\stanford-corenlp-3.6.0.jar;C:\Users\naser\.m2\repository\com\io7m\xom\xom\1.2.10\xom-1.2.10.jar;C:\Users\naser\.m2\repository\xml-apis\xml-apis\1.3.03\xml-apis-1.3.03.jar;C:\Users\naser\.m2\repository\xerces\xercesImpl\2.8.0\xercesImpl-2.8.0.jar;C:\Users\naser\.m2\repository\xalan\xalan\2.7.0\xalan-2.7.0.jar;C:\Users\naser\.m2\repository\joda-time\joda-time\2.9\joda-time-2.9.jar;C:\Users\naser\.m2\repository\de\jollyday\jollyday\0.4.7\jollyday-0.4.7.jar;C:\Users\naser\.m2\repository\javax\json\javax.json-api\1.0\javax.json-api-1.0.jar;C:\Users\naser\.m2\repository\edu\stanford\nlp\stanford-corenlp\3.6.0\stanford-corenlp-3.6.0-models.jar;C:\Users\naser\.m2\repository\javax\xml\bind\jaxb-api\2.3.1\jaxb-api-2.3.1.jar;C:\Users\naser\.m2\repository\javax\activation\javax.activation-api\1.2.0\javax.activation-api-1.2.0.jar;C:\Users\naser\.m2\repository\org\glassfish\jaxb\jaxb-runtime\2.3.1\jaxb-runtime-2.3.1.jar;C:\Users\naser\.m2\repository\org\glassfish\jaxb\txw2\2.3.1\txw2-2.3.1.jar;C:\Users\naser\.m2\repository\com\sun\istack\istack-commons-runtime\3.0.7\istack-commons-runtime-3.0.7.jar;C:\Users\naser\.m2\repository\org\jvnet\staxex\stax-ex\1.8\stax-ex-1.8.jar;C:\Users\naser\.m2\repository\com\sun\xml\fastinfoset\FastInfoset\1.2.15\FastInfoset-1.2.15.jar;C:\Users\naser\.m2\repository\javax\activation\activation\1.1.1\activation-1.1.1.jar;C:\Users\naser\.m2\repository\com\fasterxml\jackson\core\jackson-databind\2.17.0\jackson-databind-2.17.0.jar;C:\Users\naser\.m2\repository\com\fasterxml\jackson\core\jackson-annotations\2.17.0\jackson-annotations-2.17.0.jar;C:\Users\naser\.m2\repository\com\fasterxml\jackson\core\jackson-core\2.17.0\jackson-core-2.17.0.jar;C:\Users\naser\.m2\repository\net\bytebuddy\byte-buddy\1.14.9\byte-buddy-1.14.9.jar;"/>
    <property name="sun.cpu.endian" value="little"/>
    <property name="user.home" value="C:\Users\naser"/>
    <property name="user.language" value="en"/>
    <property name="java.specification.vendor" value="Oracle Corporation"/>
    <property name="java.version.date" value="2023-10-17"/>
    <property name="java.home" value="C:\Program Files\Java\jdk-21"/>
    <property name="file.separator" value="\"/>
    <property name="basedir" value="C:\Users\naser\Desktop\study\DSP\DSP1\demo"/>
    <property name="java.vm.compressedOopsMode" value="Zero based"/>
    <property name="line.separator" value="&#10;"/>
    <property name="java.vm.specification.vendor" value="Oracle Corporation"/>
    <property name="java.specification.name" value="Java Platform API Specification"/>
    <property name="surefire.real.class.path" value="C:\Users\naser\AppData\Local\Temp\surefire12542487081283446182\surefirebooter-20251130041828460_3.jar"/>
    <property name="user.script" value=""/>
    <property name="sun.management.compiler" value="HotSpot 64-Bit Tiered Compilers"/>
    <property name="java.runtime.version" value="21.0.1+12-LTS-29"/>
    <property name="user.name" value="naser"/>
    <property name="stdout.encoding" value="UTF-8"/>
    <property name="path.separator" value=";"/>
    <property name="os.version" value="10.0"/>
    <property name="java.runtime.name" value="Java(TM) SE Runtime Environment"/>
    <property name="file.encoding" value="UTF-8"/>
    <property name="java.vm.name" value="Java HotSpot(TM) 64-Bit Server VM"/>
    <property name="localRepository" value="C:\Users\naser\.m2\repository"/>
    <property name="java.vendor.url.bug" value="https://bugreport.java.com/bugreport/"/>
    <property name="java.io.tmpdir" value="C:\Users\naser\AppData\Local\Temp\"/>
    <property name="java.version" value="21.0.1"/>
    <property name="user.dir" value="C:\Users\naser\Desktop\study\DSP\DSP1\demo"/>
    <property name="os.arch" value="amd64"/>
    <property name="java.vm.specification.name" value="Java Virtual Machine Specification"/>
    <property name="sun.os.patch.level" value=""/>
    <property name="native.encoding" value="Cp1252"/>
    <property name="java.library.path" value="C:\Program Files\Java\jdk-21\bin;C:\WINDOWS\Sun\Java\bin;C:\WINDOWS\system32;C:\WINDOWS;c:\Users\naser\AppData\Roaming\Code\User\globalStorage\github.copilot-chat\debugCommand;c:\Users\naser\AppData\Roaming\Code\User\globalStorage\github.copilot-chat\copilotCli;C:\Users\naser\AppData\Roaming\Code\User\globalStorage\pleiades.java-extension-pack-jdk\gradle\latest\bin;C:\Users\naser\AppData\Roaming\Code\User\globalStorage\pleiades.java-extension-pack-jdk\maven\latest\bin;C:\Program Files\Java\jdk-21\bin;C:\Program Files\Common Files\Oracle\Java\javapath;C:\Program Files (x86)\Common Files\Oracle\Java\java8path;C:\Program Files (x86)\Common Files\Oracle\Java\javapath;C:\Program Files\Eclipse Adoptium\jdk-17.0.8.7-hotspot\bin;C:\WINDOWS\system32;C:\WINDOWS;C:\WINDOWS\System32\Wbem;C:\WINDOWS\System32\WindowsPowerShell\v1.0\;C:\WINDOWS\System32\OpenSSH\;C:\Program Files\TortoiseGit\bin;C:\Program Files\nodejs\;C:\Program Files\Git\cmd;C:\Program Files\dotnet\;C:\Program Files\Docker\Docker\resources\bin;C:\Users\naser\AppData\Local\Microsoft\WindowsApps;C:\Users\naser\AppData\Local\Programs\Microsoft VS Code\bin;C:\Users\naser\AppData\Local\GitHubDesktop\bin;C:\Users\naser\AppData\Roaming\npm;c:\Users\naser\.vscode\extensions\vscjava.vscode-java-debug-0.58.3\bundled\scripts\noConfigScripts;."/>
    <property name="java.vm.info" value="mixed mode, sharing"/>
    <property name="stderr.encoding" value="UTF-8"/>
    <property name="java.vendor" value="Oracle Corporation"/>
    <property name="java.vm.version" value="21.0.1+12-LTS-29"/>
    <property name="sun.io.unicode.encoding" value="UnicodeLittle"/>
    <property name="java.class.version" value="65.0"/>
  </properties>
  <testcase name="testSystemWithRealInput" classname="com.example.LocalAppTest" time="2400.333">
    <error message="testSystemWithRealInput() timed out after 40 minutes" type="java.util.concurrent.TimeoutException"><![CDATA[java.util.concurrent.TimeoutException: testSystemWithRealInput() timed out after 40 minutes
	at java.base/java.util.ArrayList.forEach(ArrayList.java:1596)
	at java.base/java.util.ArrayList.forEach(ArrayList.java:1596)
	Suppressed: org.opentest4j.AssertionFailedError: The output HTML file was not created! ==> expected: <true> but was: <false>
		at org.junit.jupiter.api.AssertionFailureBuilder.build(AssertionFailureBuilder.java:151)
		at org.junit.jupiter.api.AssertionFailureBuilder.buildAndThrow(AssertionFailureBuilder.java:132)
		at org.junit.jupiter.api.AssertTrue.failNotTrue(AssertTrue.java:63)
		at org.junit.jupiter.api.AssertTrue.assertTrue(AssertTrue.java:36)
		at org.junit.jupiter.api.Assertions.assertTrue(Assertions.java:214)
		at com.example.LocalAppTest.testSystemWithRealInput(LocalAppTest.java:52)
		at java.base/java.lang.reflect.Method.invoke(Method.java:580)
		... 2 more
]]></error>
    <system-out><![CDATA[[TEST] Starting System Test using file: C:\Users\naser\Desktop\study\DSP\DSP1\demo\src\main\input.text
Starting Local Application...
App ID: 6f826349-3ae1-4fea-a743-4e5aebf20397
[DEBUG] Ensuring Bucket and Queues exist...
[DEBUG] Checking for Manager...
Manager not active. Starting new Manager instance...
[DEBUG] Successfully started 1 EC2 instances with tag Manager
Waiting for instance i-046d88d4740ba2c51 to be 'running'...
Instance is now running!
Uploading input.text to S3...
Upload complete.
Sending SQS message to https://sqs.us-east-1.amazonaws.com/428164787540/LocalToManager...
Message sent.
Task sent to Manager: naser-wesam-dsp-bucket-v2,input_6f826349-3ae1-4fea-a743-4e5aebf20397.txt,1,ResponseQueue_6f826349-3ae1-4fea-a743-4e5aebf20397
Waiting for results on ResponseQueue_6f826349-3ae1-4fea-a743-4e5aebf20397...
...............................................................................................................Cleaning up: Deleting temporary queue ResponseQueue_6f826349-3ae1-4fea-a743-4e5aebf20397
]]></system-out>
    <system-err><![CDATA[SLF4J: Failed to load class "org.slf4j.impl.StaticLoggerBinder".
SLF4J: Defaulting to no-operation (NOP) logger implementation
SLF4J: See http://www.slf4j.org/codes.html#StaticLoggerBinder for further details.
software.amazon.awssdk.core.exception.AbortedException: Thread was interrupted
	at software.amazon.awssdk.core.exception.AbortedException$BuilderImpl.build(AbortedException.java:93)
	at software.amazon.awssdk.core.exception.AbortedException.create(AbortedException.java:38)
	at software.amazon.awssdk.core.internal.http.pipeline.stages.ApiCallAttemptTimeoutTrackingStage.handleInterruptedException(ApiCallAttemptTimeoutTrackingStage.java:146)
	at software.amazon.awssdk.core.internal.http.pipeline.stages.ApiCallAttemptTimeoutTrackingStage.translatePipelineException(ApiCallAttemptTimeoutTrackingStage.java:107)
	at software.amazon.awssdk.core.internal.http.pipeline.stages.ApiCallAttemptTimeoutTrackingStage.execute(ApiCallAttemptTimeoutTrackingStage.java:91)
	at software.amazon.awssdk.core.internal.http.pipeline.stages.ApiCallAttemptTimeoutTrackingStage.execute(ApiCallAttemptTimeoutTrackingStage.java:43)
	at software.amazon.awssdk.core.internal.http.pipeline.stages.TimeoutExceptionHandlingStage.execute(TimeoutExceptionHandlingStage.java:79)
	at software.amazon.awssdk.core.internal.http.pipeline.stages.TimeoutExceptionHandlingStage.execute(TimeoutExceptionHandlingStage.java:41)
	at software.amazon.awssdk.core.internal.http.pipeline.stages.ApiCallAttemptMetricCollectionStage.execute(ApiCallAttemptMetricCollectionStage.java:55)
	at software.amazon.awssdk.core.internal.http.pipeline.stages.ApiCallAttemptMetricCollectionStage.execute(ApiCallAttemptMetricCollectionStage.java:39)
	at software.amazon.awssdk.core.internal.http.pipeline.stages.RetryableStage2.executeRequest(RetryableStage2.java:93)
	at software.amazon.awssdk.core.internal.http.pipeline.stages.RetryableStage2.execute(RetryableStage2.java:56)
	at software.amazon.awssdk.core.internal.http.pipeline.stages.RetryableStage2.execute(RetryableStage2.java:36)
	at software.amazon.awssdk.core.internal.http.pipeline.RequestPipelineBuilder$ComposingRequestPipelineStage.execute(RequestPipelineBuilder.java:206)
	at software.amazon.awssdk.core.internal.http.StreamManagingStage.execute(StreamManagingStage.java:53)
	at software.amazon.awssdk.core.internal.http.StreamManagingStage.execute(StreamManagingStage.java:35)
	at software.amazon.awssdk.core.internal.http.pipeline.stages.ApiCallTimeoutTrackingStage.executeWithTimer(ApiCallTimeoutTrackingStage.java:82)
	at software.amazon.awssdk.core.internal.http.pipeline.stages.ApiCallTimeoutTrackingStage.execute(ApiCallTimeoutTrackingStage.java:62)
	at software.amazon.awssdk.core.internal.http.pipeline.stages.ApiCallTimeoutTrackingStage.execute(ApiCallTimeoutTrackingStage.java:43)
	at software.amazon.awssdk.core.internal.http.pipeline.stages.ApiCallMetricCollectionStage.execute(ApiCallMetricCollectionStage.java:50)
	at software.amazon.awssdk.core.internal.http.pipeline.stages.ApiCallMetricCollectionStage.execute(ApiCallMetricCollectionStage.java:32)
	at software.amazon.awssdk.core.internal.http.pipeline.RequestPipelineBuilder$ComposingRequestPipelineStage.execute(RequestPipelineBuilder.java:206)
	at software.amazon.awssdk.core.internal.http.pipeline.RequestPipelineBuilder$ComposingRequestPipelineStage.execute(RequestPipelineBuilder.java:206)
	at software.amazon.awssdk.core.internal.http.pipeline.stages.ExecutionFailureExceptionReportingStage.execute(ExecutionFailureExceptionReportingStage.java:37)
	at software.amazon.awssdk.core.internal.http.pipeline.stages.ExecutionFailureExceptionReportingStage.execute(ExecutionFailureExceptionReportingStage.java:26)
	at software.amazon.awssdk.core.internal.http.AmazonSyncHttpClient$RequestExecutionBuilderImpl.execute(AmazonSyncHttpClient.java:210)
	at software.amazon.awssdk.core.internal.handler.BaseSyncClientHandler.invoke(BaseSyncClientHandler.java:103)
	at software.amazon.awssdk.core.internal.handler.BaseSyncClientHandler.doExecute(BaseSyncClientHandler.java:173)
	at software.amazon.awssdk.core.internal.handler.BaseSyncClientHandler.lambda$execute$1(BaseSyncClientHandler.java:80)
	at software.amazon.awssdk.core.internal.handler.BaseSyncClientHandler.measureApiCallSuccess(BaseSyncClientHandler.java:182)
	at software.amazon.awssdk.core.internal.handler.BaseSyncClientHandler.execute(BaseSyncClientHandler.java:74)
	at software.amazon.awssdk.core.client.handler.SdkSyncClientHandler.execute(SdkSyncClientHandler.java:45)
	at software.amazon.awssdk.awscore.client.handler.AwsSyncClientHandler.execute(AwsSyncClientHandler.java:53)
	at software.amazon.awssdk.services.sqs.DefaultSqsClient.receiveMessage(DefaultSqsClient.java:1954)
	at com.example.AWS.receiveMessages(AWS.java:232)
	at com.example.LocalApp.main(LocalApp.java:105)
	at com.example.LocalAppTest.testSystemWithRealInput(LocalAppTest.java:44)
	at java.base/jdk.internal.reflect.DirectMethodHandleAccessor.invoke(DirectMethodHandleAccessor.java:103)
	at java.base/java.lang.reflect.Method.invoke(Method.java:580)
	at org.junit.platform.commons.util.ReflectionUtils.invokeMethod(ReflectionUtils.java:766)
	at org.junit.jupiter.engine.execution.MethodInvocation.proceed(MethodInvocation.java:60)
	at org.junit.jupiter.engine.execution.InvocationInterceptorChain$ValidatingInvocation.proceed(InvocationInterceptorChain.java:131)
	at org.junit.jupiter.engine.extension.SameThreadTimeoutInvocation.proceed(SameThreadTimeoutInvocation.java:45)
	at org.junit.jupiter.engine.extension.TimeoutExtension.intercept(TimeoutExtension.java:156)
	at org.junit.jupiter.engine.extension.TimeoutExtension.interceptTestableMethod(TimeoutExtension.java:147)
	at org.junit.jupiter.engine.extension.TimeoutExtension.interceptTestMethod(TimeoutExtension.java:86)
	at org.junit.jupiter.engine.execution.InterceptingExecutableInvoker$ReflectiveInterceptorCall.lambda$ofVoidMethod$0(InterceptingExecutableInvoker.java:103)
	at org.junit.jupiter.engine.execution.InterceptingExecutableInvoker.lambda$invoke$0(InterceptingExecutableInvoker.java:93)
	at org.junit.jupiter.engine.execution.InvocationInterceptorChain$InterceptedInvocation.proceed(InvocationInterceptorChain.java:106)
	at org.junit.jupiter.engine.execution.InvocationInterceptorChain.proceed(InvocationInterceptorChain.java:64)
	at org.junit.jupiter.engine.execution.InvocationInterceptorChain.chainAndInvoke(InvocationInterceptorChain.java:45)
	at org.junit.jupiter.engine.execution.InvocationInterceptorChain.invoke(InvocationInterceptorChain.java:37)
	at org.junit.jupiter.engine.execution.InterceptingExecutableInvoker.invoke(InterceptingExecutableInvoker.java:92)
	at org.junit.jupiter.engine.execution.InterceptingExecutableInvoker.invoke(InterceptingExecutableInvoker.java:86)
	at org.junit.jupiter.engine.descriptor.TestMethodTestDescriptor.lambda$invokeTestMethod$8(TestMethodTestDescriptor.java:217)
	at org.junit.platform.engine.support.hierarchical.ThrowableCollector.execute(ThrowableCollector.java:73)
	at org.junit.jupiter.engine.descriptor.TestMethodTestDescriptor.invokeTestMethod(TestMethodTestDescriptor.java:213)
	at org.junit.jupiter.engine.descriptor.TestMethodTestDescriptor.execute(TestMethodTestDescriptor.java:138)
	at org.junit.jupiter.engine.descriptor.TestMethodTestDescriptor.execute(TestMethodTestDescriptor.java:68)
	at org.junit.platform.engine.support.hierarchical.NodeTestTask.lambda$executeRecursively$6(NodeTestTask.java:151)
	at org.junit.platform.engine.support.hierarchical.ThrowableCollector.execute(ThrowableCollector.java:73)
	at org.junit.platform.engine.support.hierarchical.NodeTestTask.lambda$executeRecursively$8(NodeTestTask.java:141)
	at org.junit.platform.engine.support.hierarchical.Node.around(Node.java:137)
	at org.junit.platform.engine.support.hierarchical.NodeTestTask.lambda$executeRecursively$9(NodeTestTask.java:139)
	at org.junit.platform.engine.support.hierarchical.ThrowableCollector.execute(ThrowableCollector.java:73)
	at org.junit.platform.engine.support.hierarchical.NodeTestTask.executeRecursively(NodeTestTask.java:138)
	at org.junit.platform.engine.support.hierarchical.NodeTestTask.execute(NodeTestTask.java:95)
	at java.base/java.util.ArrayList.forEach(ArrayList.java:1596)
	at org.junit.platform.engine.support.hierarchical.SameThreadHierarchicalTestExecutorService.invokeAll(SameThreadHierarchicalTestExecutorService.java:41)
	at org.junit.platform.engine.support.hierarchical.NodeTestTask.lambda$executeRecursively$6(NodeTestTask.java:155)
	at org.junit.platform.engine.support.hierarchical.ThrowableCollector.execute(ThrowableCollector.java:73)
	at org.junit.platform.engine.support.hierarchical.NodeTestTask.lambda$executeRecursively$8(NodeTestTask.java:141)
	at org.junit.platform.engine.support.hierarchical.Node.around(Node.java:137)
	at org.junit.platform.engine.support.hierarchical.NodeTestTask.lambda$executeRecursively$9(NodeTestTask.java:139)
	at org.junit.platform.engine.support.hierarchical.ThrowableCollector.execute(ThrowableCollector.java:73)
	at org.junit.platform.engine.support.hierarchical.NodeTestTask.executeRecursively(NodeTestTask.java:138)
	at org.junit.platform.engine.support.hierarchical.NodeTestTask.execute(NodeTestTask.java:95)
	at java.base/java.util.ArrayList.forEach(ArrayList.java:1596)
	at org.junit.platform.engine.support.hierarchical.SameThreadHierarchicalTestExecutorService.invokeAll(SameThreadHierarchicalTestExecutorService.java:41)
	at org.junit.platform.engine.support.hierarchical.NodeTestTask.lambda$executeRecursively$6(NodeTestTask.java:155)
	at org.junit.platform.engine.support.hierarchical.ThrowableCollector.execute(ThrowableCollector.java:73)
	at org.junit.platform.engine.support.hierarchical.NodeTestTask.lambda$executeRecursively$8(NodeTestTask.java:141)
	at org.junit.platform.engine.support.hierarchical.Node.around(Node.java:137)
	at org.junit.platform.engine.support.hierarchical.NodeTestTask.lambda$executeRecursively$9(NodeTestTask.java:139)
	at org.junit.platform.engine.support.hierarchical.ThrowableCollector.execute(ThrowableCollector.java:73)
	at org.junit.platform.engine.support.hierarchical.NodeTestTask.executeRecursively(NodeTestTask.java:138)
	at org.junit.platform.engine.support.hierarchical.NodeTestTask.execute(NodeTestTask.java:95)
	at org.junit.platform.engine.support.hierarchical.SameThreadHierarchicalTestExecutorService.submit(SameThreadHierarchicalTestExecutorService.java:35)
	at org.junit.platform.engine.support.hierarchical.HierarchicalTestExecutor.execute(HierarchicalTestExecutor.java:57)
	at org.junit.platform.engine.support.hierarchical.HierarchicalTestEngine.execute(HierarchicalTestEngine.java:54)
	at org.junit.platform.launcher.core.EngineExecutionOrchestrator.execute(EngineExecutionOrchestrator.java:198)
	at org.junit.platform.launcher.core.EngineExecutionOrchestrator.execute(EngineExecutionOrchestrator.java:169)
	at org.junit.platform.launcher.core.EngineExecutionOrchestrator.execute(EngineExecutionOrchestrator.java:93)
	at org.junit.platform.launcher.core.EngineExecutionOrchestrator.lambda$execute$0(EngineExecutionOrchestrator.java:58)
	at org.junit.platform.launcher.core.EngineExecutionOrchestrator.withInterceptedStreams(EngineExecutionOrchestrator.java:141)
	at org.junit.platform.launcher.core.EngineExecutionOrchestrator.execute(EngineExecutionOrchestrator.java:57)
	at org.junit.platform.launcher.core.DefaultLauncher.execute(DefaultLauncher.java:103)
	at org.junit.platform.launcher.core.DefaultLauncher.execute(DefaultLauncher.java:85)
	at org.junit.platform.launcher.core.DelegatingLauncher.execute(DelegatingLauncher.java:47)
	at org.apache.maven.surefire.junitplatform.LazyLauncher.execute(LazyLauncher.java:56)
	at org.apache.maven.surefire.junitplatform.JUnitPlatformProvider.execute(JUnitPlatformProvider.java:184)
	at org.apache.maven.surefire.junitplatform.JUnitPlatformProvider.invokeAllTests(JUnitPlatformProvider.java:148)
	at org.apache.maven.surefire.junitplatform.JUnitPlatformProvider.invoke(JUnitPlatformProvider.java:122)
	at org.apache.maven.surefire.booter.ForkedBooter.runSuitesInProcess(ForkedBooter.java:385)
	at org.apache.maven.surefire.booter.ForkedBooter.execute(ForkedBooter.java:162)
	at org.apache.maven.surefire.booter.ForkedBooter.run(ForkedBooter.java:507)
	at org.apache.maven.surefire.booter.ForkedBooter.main(ForkedBooter.java:495)
Caused by: software.amazon.awssdk.core.exception.SdkInterruptedException
	at software.amazon.awssdk.core.internal.http.InterruptMonitor.checkInterrupted(InterruptMonitor.java:55)
	at software.amazon.awssdk.core.internal.http.pipeline.stages.AfterTransmissionExecutionInterceptorsStage.execute(AfterTransmissionExecutionInterceptorsStage.java:34)
	at software.amazon.awssdk.core.internal.http.pipeline.stages.AfterTransmissionExecutionInterceptorsStage.execute(AfterTransmissionExecutionInterceptorsStage.java:28)
	at software.amazon.awssdk.core.internal.http.pipeline.RequestPipelineBuilder$ComposingRequestPipelineStage.execute(RequestPipelineBuilder.java:206)
	at software.amazon.awssdk.core.internal.http.pipeline.RequestPipelineBuilder$ComposingRequestPipelineStage.execute(RequestPipelineBuilder.java:206)
	at software.amazon.awssdk.core.internal.http.pipeline.RequestPipelineBuilder$ComposingRequestPipelineStage.execute(RequestPipelineBuilder.java:206)
	at software.amazon.awssdk.core.internal.http.pipeline.stages.ApiCallAttemptTimeoutTrackingStage.execute(ApiCallAttemptTimeoutTrackingStage.java:74)
	... 102 more
Failed to delete queue: Thread was interrupted
]]></system-err>
  </testcase>
</testsuite>